<?xml version="1.0" encoding="utf-8"?><testsuites name="pytest tests"><testsuite name="pytest" errors="0" failures="0" skipped="0" tests="20" time="4.815" timestamp="2026-04-08T05:57:30.786287+00:00" hostname="agent-env-ecb22524-8882-4390-bfc9-05e809258b06"><testcase classname="backend.tests.test_site_settings_media.TestHealthAndBasics" name="test_health_endpoint" time="0.161" /><testcase classname="backend.tests.test_site_settings_media.TestHealthAndBasics" name="test_admin_login" time="0.103" /><testcase classname="backend.tests.test_site_settings_media.TestHealthAndBasics" name="test_admin_login_invalid" time="0.101" /><testcase classname="backend.tests.test_site_settings_media.TestSiteSettings" name="test_get_site_settings" time="0.094" /><testcase classname="backend.tests.test_site_settings_media.TestSiteSettings" name="test_update_site_settings_hero" time="0.447" /><testcase classname="backend.tests.test_site_settings_media.TestSiteSettings" name="test_update_site_settings_stats" time="0.470" /><testcase classname="backend.tests.test_site_settings_media.TestSiteSettings" name="test_update_site_settings_snapwidget" time="0.453" /><testcase classname="backend.tests.test_site_settings_media.TestAudioTracks" name="test_get_audio_tracks" time="0.105" /><testcase classname="backend.tests.test_site_settings_media.TestAudioTracks" name="test_create_audio_track" time="0.317" /><testcase classname="backend.tests.test_site_settings_media.TestAudioTracks" name="test_update_audio_track" time="0.387" /><testcase classname="backend.tests.test_site_settings_media.TestAudioTracks" name="test_delete_audio_track" time="0.304" /><testcase classname="backend.tests.test_site_settings_media.TestVideoPerformances" name="test_get_video_performances" time="0.110" /><testcase classname="backend.tests.test_site_settings_media.TestVideoPerformances" name="test_create_video_performance" time="0.287" /><testcase classname="backend.tests.test_site_settings_media.TestVideoPerformances" name="test_delete_video_performance" time="0.288" /><testcase classname="backend.tests.test_site_settings_media.TestGallery" name="test_get_gallery" time="0.097" /><testcase classname="backend.tests.test_site_settings_media.TestGallery" name="test_create_gallery_item" time="0.314" /><testcase classname="backend.tests.test_site_settings_media.TestGallery" name="test_delete_gallery_item" time="0.314" /><testcase classname="backend.tests.test_site_settings_media.TestPublicEndpoints" name="test_public_audio_tracks" time="0.104" /><testcase classname="backend.tests.test_site_settings_media.TestPublicEndpoints" name="test_public_video_performances" time="0.099" /><testcase classname="backend.tests.test_site_settings_media.TestPublicEndpoints" name="test_public_gallery" time="0.102" /></testsuite></testsuites>