<?xml version="1.0" encoding="utf-8"?><testsuites name="pytest tests"><testsuite name="pytest" errors="0" failures="0" skipped="0" tests="14" time="2.158" timestamp="2026-03-27T15:39:05.686035+00:00" hostname="agent-env-ecb22524-8882-4390-bfc9-05e809258b06"><testcase classname="backend.tests.test_bilingual_cms.TestHealthCheck" name="test_api_root" time="0.155" /><testcase classname="backend.tests.test_bilingual_cms.TestAdminLogin" name="test_admin_login_success" time="0.104" /><testcase classname="backend.tests.test_bilingual_cms.TestAdminLogin" name="test_admin_login_invalid_password" time="0.157" /><testcase classname="backend.tests.test_bilingual_cms.TestContentAPI" name="test_get_content" time="0.112" /><testcase classname="backend.tests.test_bilingual_cms.TestContentAPI" name="test_update_content_about_english" time="0.160" /><testcase classname="backend.tests.test_bilingual_cms.TestContentAPI" name="test_update_content_about_malayalam" time="0.146" /><testcase classname="backend.tests.test_bilingual_cms.TestContentAPI" name="test_update_content_unauthorized" time="0.104" /><testcase classname="backend.tests.test_bilingual_cms.TestContentAPI" name="test_update_content_achievements" time="0.109" /><testcase classname="backend.tests.test_bilingual_cms.TestContentAPI" name="test_update_content_training" time="0.095" /><testcase classname="backend.tests.test_bilingual_cms.TestContentAPI" name="test_verify_content_persistence" time="0.367" /><testcase classname="backend.tests.test_bilingual_cms.TestBookingsAPI" name="test_get_bookings" time="0.095" /><testcase classname="backend.tests.test_bilingual_cms.TestBookingsAPI" name="test_create_booking" time="0.199" /><testcase classname="backend.tests.test_bilingual_cms.TestBookingsAPI" name="test_get_bookings_with_filter" time="0.103" /><testcase classname="backend.tests.test_bilingual_cms.TestGalleryAPI" name="test_get_gallery" time="0.107" /></testsuite></testsuites>